<?xml version="1.0" encoding="UTF-8"?>
<!-- Generated by org.testng.reporters.JUnitXMLReporter -->
<testsuite ignored="0" hostname="Harshuls-MacBook-Pro.local" failures="0" tests="3" name="Default test" time="5.086" errors="0" timestamp="2021-01-17T22:39:28 EST">
  <testcase classname="BasicSection7onwards.DynamicJsonDelete" name="addbook" time="3.766"/>
  <testcase classname="BasicSection7onwards.DynamicJsonDelete" name="addbook" time="0.644"/>
  <testcase classname="BasicSection7onwards.DynamicJsonDelete" name="addbook" time="0.607"/>
</testsuite> <!-- Default test -->
