<?xml version="1.0" encoding="UTF-8"?>
<testng-results ignored="0" total="3" passed="3" failed="0" skipped="0">
  <reporter-output>
  </reporter-output>
  <suite started-at="2021-01-17T22:39:18 EST" name="Default suite" finished-at="2021-01-17T22:39:23 EST" duration-ms="5086">
    <groups>
    </groups>
    <test started-at="2021-01-17T22:39:18 EST" name="Default test" finished-at="2021-01-17T22:39:23 EST" duration-ms="5086">
      <class name="BasicSection7onwards.DynamicJsonDelete">
        <test-method signature="addbook(java.lang.String)[pri:0, instance:BasicSection7onwards.DynamicJsonDelete@161479c6]" started-at="2021-01-17T22:39:18 EST" name="addbook" data-provider="BooksData" finished-at="2021-01-17T22:39:22 EST" duration-ms="3766" status="PASS">
          <params>
            <param index="0">
              <value>
                <![CDATA[FirstBook001]]>
              </value>
            </param>
          </params>
          <reporter-output>
          </reporter-output>
        </test-method> <!-- addbook -->
        <test-method signature="addbook(java.lang.String)[pri:0, instance:BasicSection7onwards.DynamicJsonDelete@161479c6]" started-at="2021-01-17T22:39:22 EST" name="addbook" data-provider="BooksData" finished-at="2021-01-17T22:39:22 EST" duration-ms="644" status="PASS">
          <params>
            <param index="0">
              <value>
                <![CDATA[SecondBook002]]>
              </value>
            </param>
          </params>
          <reporter-output>
          </reporter-output>
        </test-method> <!-- addbook -->
        <test-method signature="addbook(java.lang.String)[pri:0, instance:BasicSection7onwards.DynamicJsonDelete@161479c6]" started-at="2021-01-17T22:39:22 EST" name="addbook" data-provider="BooksData" finished-at="2021-01-17T22:39:23 EST" duration-ms="607" status="PASS">
          <params>
            <param index="0">
              <value>
                <![CDATA[ThirdBook003]]>
              </value>
            </param>
          </params>
          <reporter-output>
          </reporter-output>
        </test-method> <!-- addbook -->
      </class> <!-- BasicSection7onwards.DynamicJsonDelete -->
    </test> <!-- Default test -->
  </suite> <!-- Default suite -->
</testng-results>
